<!DOCTYPE html>
<html>
<head>
    <title>Ecommerce Automation Test Report</title>
    <meta charset="utf-8">
    <meta name="viewport" content="width=device-width, initial-scale=1.0">
    <link rel="stylesheet" href="https://maxcdn.bootstrapcdn.com/bootstrap/3.3.6/css/bootstrap.min.css" integrity="sha384-1q8mTJOASx8j1Au+a5WDVnPi2lkFfwwEAa8hDDdjZlpLegxhjVME1fgjWPGmkzs7" crossorigin="anonymous">
</head>
<body>
    <div class="container">
        <div class="row">
            <div class="col-xs-12">
                <h2 class="text-capitalize">Ecommerce Automation Test Report</h2>
                <p class='attribute'><strong>Start Time: </strong>2025-12-09 16:27:34</p>
                <p class='attribute'><strong>Duration: </strong>33.60 s</p>
                <p class='attribute'><strong>Summary: </strong>Total: 1, Pass: 0, Error: 1</p>
            </div>
        </div>
        <div class="row">
            <div class="col-xs-12 col-sm-10 col-md-10">
                <table class='table table-hover table-responsive'>
                    <thead>
                        <tr>
                            <th>__main__.EcomTest</th>
                            <th>Status</th>
                            <th></th>
                        </tr>
                    </thead>
                    <tbody>
                        <tr class='warning'>
                            <td class="col-xs-10">test_ecommerce_flow</td>
                            <td class="col-xs-1">
                                <span class="label label-warning" style="display:block;width:40px;">Error</span>
                            </td>
                            <td class="col-xs-1">
                                <button class="btn btn-default btn-xs">View</button>
                            </td>
                        </tr>
                        <tr style="display:none;">
                            <td class="col-xs-9" colspan="3"><p style="color:maroon;">NoSuchElementException: Message: no such element: Unable to locate element: {"method":"xpath","selector":"//a[normalize-space()='HP LP3065']"}
  (Session info: chrome=142.0.7444.176); For documentation on this error, please visit: https://www.selenium.dev/documentation/webdriver/troubleshooting/errors#nosuchelementexception
Stacktrace:
Symbols not available. Dumping unresolved backtrace:
	0xb94103
	0xb94144
	0x99e71d
	0x9ea03d
	0x9ea41b
	0xa317f2
	0xa0c954
	0xa2ee17
	0xa0c706
	0x9dda30
	0x9ded54
	0xe057b4
	0xe0098a
	0xbbc392
	0xbac4c8
	0xbb324d
	0xb9c478
	0xb9c63c
	0xb867ca
	0x760b5d49
	0x7736d6cb
	0x7736d651
</p><p style="color:maroon;">Traceback (most recent call last):
  File "C:\Users\sunil\Desktop\eCommerce-Website-Automation-Selenium-main\Tests\ecom_project.py", line 101, in test_ecommerce_flow
    lap.click_hp_option()
    ~~~~~~~~~~~~~~~~~~~^^
  File "C:\Users\sunil\Desktop\eCommerce-Website-Automation-Selenium-main\Pages\LaptopPage.py", line 11, in click_hp_option
    self.driver.find_element(By.XPATH, self.hp_xpath).click()
    ~~~~~~~~~~~~~~~~~~~~~~~~^^^^^^^^^^^^^^^^^^^^^^^^^
  File "C:\Users\sunil\AppData\Local\Programs\Python\Python314\Lib\site-packages\selenium\webdriver\remote\webdriver.py", line 802, in find_element
    return self.execute(Command.FIND_ELEMENT, {"using": by, "value": value})["value"]
           ~~~~~~~~~~~~^^^^^^^^^^^^^^^^^^^^^^^^^^^^^^^^^^^^^^^^^^^^^^^^^^^^^
  File "C:\Users\sunil\AppData\Local\Programs\Python\Python314\Lib\site-packages\selenium\webdriver\remote\webdriver.py", line 432, in execute
    self.error_handler.check_response(response)
    ~~~~~~~~~~~~~~~~~~~~~~~~~~~~~~~~~^^^^^^^^^^
  File "C:\Users\sunil\AppData\Local\Programs\Python\Python314\Lib\site-packages\selenium\webdriver\remote\errorhandler.py", line 232, in check_response
    raise exception_class(message, screen, stacktrace)
selenium.common.exceptions.NoSuchElementException: Message: no such element: Unable to locate element: {"method":"xpath","selector":"//a[normalize-space()='HP LP3065']"}
  (Session info: chrome=142.0.7444.176); For documentation on this error, please visit: https://www.selenium.dev/documentation/webdriver/troubleshooting/errors#nosuchelementexception
Stacktrace:
Symbols not available. Dumping unresolved backtrace:
	0xb94103
	0xb94144
	0x99e71d
	0x9ea03d
	0x9ea41b
	0xa317f2
	0xa0c954
	0xa2ee17
	0xa0c706
	0x9dda30
	0x9ded54
	0xe057b4
	0xe0098a
	0xbbc392
	0xbac4c8
	0xbb324d
	0xb9c478
	0xb9c63c
	0xb867ca
	0x760b5d49
	0x7736d6cb
	0x7736d651

</p>
                            </td>
                        </tr>
                        <tr>
                            <td colspan="3">
                                Total: 1, Pass: 0, Error: 1 -- Duration: 33.60 s
                            </td>
                        </tr>
                    </tbody>
                </table>
            </div>
        </div>
    </div>
    <script src="https://ajax.googleapis.com/ajax/libs/jquery/2.2.4/jquery.min.js"></script>
    <script type="text/javascript">
        $(document).ready(function(){
            $('td').on('click', '.btn', function(e){
                e.preventDefault();
                e.stopImmediatePropagation();
                var $this = $(this);
                var $nextRow = $this.closest('tr').next('tr');
                $nextRow.slideToggle("fast");
                $this.text(function(i, text){
                    if (text === 'View') {
                        return 'Hide';
                    } else {
                        return 'View';
                    };
                });
            });
        });
    </script>
</body>
</html